app/mapping/mapping.txt
# compiler: R8
# compiler_version: 1.6.82
# min_api: 16
# pg_map_id: f5894aa
# common_typos_disable
com.piaoyou.systrace.base.App -> com.piaoyou.systrace.base.App:
    kotlin.properties.ReadWriteProperty instance$delegate -> e
    com.piaoyou.systrace.base.App$Companion Companion -> f
    java.lang.String[] STORAGE_PERMISSION -> d
    38:43:void <clinit>() -> <clinit>
    17:17:void <init>() -> <init>
    26:27:void initInstance() -> a
    30:34:void setUnCaughtCrash() -> b
    17:17:kotlin.properties.ReadWriteProperty access$getInstance$cp() -> c
    17:17:java.lang.String[] access$getSTORAGE_PERMISSION$cp() -> d
    20:23:void onCreate() -> onCreate
com.piaoyou.systrace.base.App$Companion -> com.piaoyou.systrace.base.App$a:
    kotlin.reflect.KProperty[] $$delegatedProperties -> a
    36:36:void <init>() -> <init>
    36:36:void <init>(kotlin.jvm.internal.DefaultConstructorMarker) -> <init>
    android.app.Application getInstance() -> a
    void setInstance(android.app.Application) -> a
    49:56:void setPatchExecutor() -> b
com.piaoyou.systrace.base.App$setUnCaughtCrash$1 -> com.piaoyou.systrace.base.App$b:
    com.piaoyou.systrace.base.App$setUnCaughtCrash$1 INSTANCE -> a
    31:33:void uncaughtException(java.lang.Thread,java.lang.Throwable) -> uncaughtException
com.piaoyou.systrace.configChange.view.ConfigChangeActivity -> com.piaoyou.systrace.configChange.view.ConfigChangeActivity:
    com.piaoyou.systrace.databinding.ActivityConfigChangeBinding binding -> s
    9:9:void <init>() -> <init>
    9:9:com.piaoyou.systrace.databinding.ActivityConfigChangeBinding access$getBinding$p(com.piaoyou.systrace.configChange.view.ConfigChangeActivity) -> a
    14:17:void onCreate(android.os.Bundle) -> onCreate
    51:53:void onDestroy() -> onDestroy
    41:43:void onRestart() -> onRestart
    34:36:void onRestoreInstanceState(android.os.Bundle) -> onRestoreInstanceState
    27:29:void onSaveInstanceState(android.os.Bundle) -> onSaveInstanceState
    46:48:void onStop() -> onStop
    56:65:void initFragment() -> r
com.piaoyou.systrace.configChange.view.ConfigChangeActivity$Companion -> com.piaoyou.systrace.configChange.view.ConfigChangeActivity$a:
    68:68:void <init>() -> <init>
    68:68:void <init>(kotlin.jvm.internal.DefaultConstructorMarker) -> <init>
com.piaoyou.systrace.configChange.view.ConfigChangeActivity$onCreate$1 -> com.piaoyou.systrace.configChange.view.ConfigChangeActivity$b:
    com.piaoyou.systrace.configChange.view.ConfigChangeActivity this$0 -> d
    20:22:void onClick(android.view.View) -> onClick
com.piaoyou.systrace.configChange.view.ConfigChangeFragment -> d.c.a.a.a.a:
    java.lang.String TAG -> a0
    android.widget.TextView dummy_button -> Z
    80:80:void <clinit>() -> <clinit>
    12:12:void <init>() -> <init>
    51:53:void onDestroy() -> W
    70:72:void onDestroyView() -> Y
    75:77:void onDetach() -> Z
    27:27:android.view.View onCreateView(android.view.LayoutInflater,android.view.ViewGroup,android.os.Bundle) -> a
    31:36:void onViewCreated(android.view.View,android.os.Bundle) -> a
    16:20:void onCreate(android.os.Bundle) -> b
    56:60:void onSaveInstanceState(android.os.Bundle) -> d
    45:48:void onPause() -> d0
    63:65:void onViewStateRestored(android.os.Bundle) -> e
    39:42:void onResume() -> h0
com.piaoyou.systrace.configChange.view.ConfigChangeFragment$Companion -> d.c.a.a.a.a$a:
    79:79:void <init>() -> <init>
    79:79:void <init>(kotlin.jvm.internal.DefaultConstructorMarker) -> <init>
...
androidx.appcompat.widget.FitWindowsViewGroup$OnFitSystemWindowsListener -> c.b.q.r$a:
androidx.appcompat.widget.ForwardingListener -> c.b.q.s:
    java.lang.Runnable mTriggerLongPress -> i
    java.lang.Runnable mDisallowIntercept -> h
    boolean mForwarding -> j
    int mActivePointerId -> k
    float mScaledTouchSlop -> d
    int mLongPressTimeout -> f
    int mTapTimeout -> e
    android.view.View mSrc -> g
    int[] mTmpLocation -> l
    68:78:void <init>(android.view.View) -> <init>
    216:223:void clearCallbacks() -> a
    259:262:boolean onTouchForwarded(android.view.MotionEvent) -> a
    288:288:boolean pointInView(android.view.View,float,float,float) -> a
    309:312:boolean toGlobalMotionEvent(android.view.View,android.view.MotionEvent) -> a
    androidx.appcompat.view.menu.ShowableListMenu getPopup() -> b
    170:212:boolean onTouchObserved(android.view.MotionEvent) -> b
    298:301:boolean toLocalMotionEvent(android.view.View,android.view.MotionEvent) -> b
    boolean onForwardingStarted() -> c
    156:160:boolean onForwardingStopped() -> d
    226:232:void onLongPress() -> e
    94:112:boolean onTouch(android.view.View,android.view.MotionEvent) -> onTouch
    117:117:void onViewAttachedToWindow(android.view.View) -> onViewAttachedToWindow
    121:127:void onViewDetachedFromWindow(android.view.View) -> onViewDetachedFromWindow
androidx.appcompat.widget.ForwardingListener$DisallowIntercept -> c.b.q.s$a:
    androidx.appcompat.widget.ForwardingListener this$0 -> d
    316:317:void <init>(androidx.appcompat.widget.ForwardingListener) -> <init>
    321:325:void run() -> run
androidx.appcompat.widget.ForwardingListener$TriggerLongPress -> c.b.q.s$b:
    androidx.appcompat.widget.ForwardingListener this$0 -> d
    329:330:void <init>(androidx.appcompat.widget.ForwardingListener) -> <init>
    334:335:void run() -> run
androidx.appcompat.widget.LinearLayoutCompat -> androidx.appcompat.widget.LinearLayoutCompat:
    int mDividerWidth -> o
    float mWeightSum -> j
    int mGravity -> h
    boolean mUseLargestChild -> k
    int mTotalLength -> i
    int mBaselineChildTop -> f
    int mOrientation -> g
    int mBaselineAlignedChildIndex -> e
    android.graphics.drawable.Drawable mDivider -> n
    int mDividerPadding -> r
    int[] mMaxAscent -> l
    int mDividerHeight -> p
    boolean mBaselineAligned -> d
    int[] mMaxDescent -> m
    int mShowDividers -> q
    151:152:void <init>(android.content.Context) -> <init>
    155:156:void <init>(android.content.Context,android.util.AttributeSet) -> <init>
    160:195:void <init>(android.content.Context,android.util.AttributeSet,int) -> <init>
    332:370:void drawDividersHorizontal(android.graphics.Canvas) -> a
    373:376:void drawHorizontalDivider(android.graphics.Canvas,int) -> a
    515:515:android.view.View getVirtualChildAt(int) -> a
    1327:1346:void forceUniformHeight(int,int) -> a
    1387:1389:void measureChildBeforeLayout(android.view.View,int,int,int,int,int) -> a
    1531:1652:void layoutHorizontal(int,int,int,int) -> a
    305:329:void drawDividersVertical(android.graphics.Canvas) -> b
    379:382:void drawVerticalDivider(android.graphics.Canvas,int) -> b
    576:590:boolean hasDividerBeforeChildAt(int) -> b
    905:924:void forceUniformWidth(int,int) -> b
    1436:1516:void layoutVertical(int,int,int,int) -> b
androidx.appcompat.widget.LinearLayoutCompat$LayoutParams -> androidx.appcompat.widget.LinearLayoutCompat$LayoutParams:
    float weight -> a
    int gravity -> b
    1799:1807:void <init>(android.content.Context,android.util.AttributeSet) -> <init>
    1813:1815:void <init>(int,int) -> <init>
    1836:1837:void <init>(android.view.ViewGroup$LayoutParams) -> <init>